# JRE version: Java(TM) SE Runtime Environment (8.0_121-b13) (build 1.8.0_121-b13)
# Java VM: Java HotSpot(TM) 64-Bit Server VM (25.121-b13 mixed mode linux-amd64 compressed oops)
Heap:
 PSYoungGen      total 36864K, used 10891K [0x00000000d7380000, 0x00000000d9c80000, 0x0000000100000000)
  eden space 31744K, 29% used [0x00000000d7380000,0x00000000d7c8dcc8,0x00000000d9280000)
  from space 5120K, 31% used [0x00000000d9780000,0x00000000d9915050,0x00000000d9c80000)
  to   space 5120K, 0% used [0x00000000d9280000,0x00000000d9280000,0x00000000d9780000)
 ParOldGen       total 43520K, used 6340K [0x0000000085a00000, 0x0000000088480000, 0x00000000d7380000)
  object space 43520K, 14% used [0x0000000085a00000,0x0000000086031308,0x0000000088480000)
 Metaspace       used 27152K, capacity 28674K, committed 28928K, reserved 1075200K
  class space    used 3702K, capacity 3996K, committed 4096K, reserved 1048576K
GC Heap History (10 events):
Event: 5.543 GC heap before
{Heap before GC invocations=1 (full 0):
 PSYoungGen      total 36864K, used 31744K [0x00000000d7380000, 0x00000000d9c80000, 0x0000000100000000)
  eden space 31744K, 100% used [0x00000000d7380000,0x00000000d9280000,0x00000000d9280000)
  from space 5120K, 0% used [0x00000000d9780000,0x00000000d9780000,0x00000000d9c80000)
  to   space 5120K, 0% used [0x00000000d9280000,0x00000000d9280000,0x00000000d9780000)
 ParOldGen       total 84992K, used 0K [0x0000000085a00000, 0x000000008ad00000, 0x00000000d7380000)
  object space 84992K, 0% used [0x0000000085a00000,0x0000000085a00000,0x000000008ad00000)
 Metaspace       used 15078K, capacity 15716K, committed 15872K, reserved 1062912K
  class space    used 2082K, capacity 2243K, committed 2304K, reserved 1048576K
Event: 5.550 GC heap after
Heap after GC invocations=1 (full 0):
 PSYoungGen      total 36864K, used 5088K [0x00000000d7380000, 0x00000000d9c80000, 0x0000000100000000)
  eden space 31744K, 0% used [0x00000000d7380000,0x00000000d7380000,0x00000000d9280000)
  from space 5120K, 99% used [0x00000000d9280000,0x00000000d9778068,0x00000000d9780000)
  to   space 5120K, 0% used [0x00000000d9780000,0x00000000d9780000,0x00000000d9c80000)
 ParOldGen       total 84992K, used 739K [0x0000000085a00000, 0x000000008ad00000, 0x00000000d7380000)
  object space 84992K, 0% used [0x0000000085a00000,0x0000000085ab8e00,0x000000008ad00000)
 Metaspace       used 15078K, capacity 15716K, committed 15872K, reserved 1062912K
  class space    used 2082K, capacity 2243K, committed 2304K, reserved 1048576K
}
Event: 40.691 GC heap before
{Heap before GC invocations=2 (full 0):
 PSYoungGen      total 36864K, used 36832K [0x00000000d7380000, 0x00000000d9c80000, 0x0000000100000000)
  eden space 31744K, 100% used [0x00000000d7380000,0x00000000d9280000,0x00000000d9280000)
  from space 5120K, 99% used [0x00000000d9280000,0x00000000d9778068,0x00000000d9780000)
  to   space 5120K, 0% used [0x00000000d9780000,0x00000000d9780000,0x00000000d9c80000)
 ParOldGen       total 84992K, used 739K [0x0000000085a00000, 0x000000008ad00000, 0x00000000d7380000)
  object space 84992K, 0% used [0x0000000085a00000,0x0000000085ab8e00,0x000000008ad00000)
 Metaspace       used 19037K, capacity 20368K, committed 20608K, reserved 1067008K
  class space    used 2707K, capacity 2937K, committed 2944K, reserved 1048576K
Event: 40.726 GC heap after
Heap after GC invocations=2 (full 0):
 PSYoungGen      total 36864K, used 5104K [0x00000000d7380000, 0x00000000d9c80000, 0x0000000100000000)
  eden space 31744K, 0% used [0x00000000d7380000,0x00000000d7380000,0x00000000d9280000)
  from space 5120K, 99% used [0x00000000d9780000,0x00000000d9c7c040,0x00000000d9c80000)
  to   space 5120K, 0% used [0x00000000d9280000,0x00000000d9280000,0x00000000d9780000)
 ParOldGen       total 84992K, used 5162K [0x0000000085a00000, 0x000000008ad00000, 0x00000000d7380000)
  object space 84992K, 6% used [0x0000000085a00000,0x0000000085f0a8b8,0x000000008ad00000)
 Metaspace       used 19037K, capacity 20368K, committed 20608K, reserved 1067008K
  class space    used 2707K, capacity 2937K, committed 2944K, reserved 1048576K
}
Event: 61.590 GC heap before
{Heap before GC invocations=3 (full 0):
 PSYoungGen      total 36864K, used 11433K [0x00000000d7380000, 0x00000000d9c80000, 0x0000000100000000)
  eden space 31744K, 19% used [0x00000000d7380000,0x00000000d79ae678,0x00000000d9280000)
  from space 5120K, 99% used [0x00000000d9780000,0x00000000d9c7c040,0x00000000d9c80000)
  to   space 5120K, 0% used [0x00000000d9280000,0x00000000d9280000,0x00000000d9780000)
 ParOldGen       total 84992K, used 5162K [0x0000000085a00000, 0x000000008ad00000, 0x00000000d7380000)
  object space 84992K, 6% used [0x0000000085a00000,0x0000000085f0a8b8,0x000000008ad00000)
 Metaspace       used 19909K, capacity 21176K, committed 21248K, reserved 1067008K
  class space    used 2800K, capacity 3033K, committed 3072K, reserved 1048576K
Event: 61.607 GC heap after
Heap after GC invocations=3 (full 0):
 PSYoungGen      total 36864K, used 5088K [0x00000000d7380000, 0x00000000d9c80000, 0x0000000100000000)
  eden space 31744K, 0% used [0x00000000d7380000,0x00000000d7380000,0x00000000d9280000)
  from space 5120K, 99% used [0x00000000d9280000,0x00000000d9778050,0x00000000d9780000)
  to   space 5120K, 0% used [0x00000000d9780000,0x00000000d9780000,0x00000000d9c80000)
 ParOldGen       total 84992K, used 5386K [0x0000000085a00000, 0x000000008ad00000, 0x00000000d7380000)
  object space 84992K, 6% used [0x0000000085a00000,0x0000000085f428b8,0x000000008ad00000)
 Metaspace       used 19909K, capacity 21176K, committed 21248K, reserved 1067008K
  class space    used 2800K, capacity 3033K, committed 3072K, reserved 1048576K
}
Event: 61.607 GC heap before
{Heap before GC invocations=4 (full 1):
 PSYoungGen      total 36864K, used 5088K [0x00000000d7380000, 0x00000000d9c80000, 0x0000000100000000)
  eden space 31744K, 0% used [0x00000000d7380000,0x00000000d7380000,0x00000000d9280000)
  from space 5120K, 99% used [0x00000000d9280000,0x00000000d9778050,0x00000000d9780000)
  to   space 5120K, 0% used [0x00000000d9780000,0x00000000d9780000,0x00000000d9c80000)
 ParOldGen       total 84992K, used 5386K [0x0000000085a00000, 0x000000008ad00000, 0x00000000d7380000)
  object space 84992K, 6% used [0x0000000085a00000,0x0000000085f428b8,0x000000008ad00000)
 Metaspace       used 19909K, capacity 21176K, committed 21248K, reserved 1067008K
  class space    used 2800K, capacity 3033K, committed 3072K, reserved 1048576K
Event: 61.645 GC heap after
Heap after GC invocations=4 (full 1):
 PSYoungGen      total 36864K, used 0K [0x00000000d7380000, 0x00000000d9c80000, 0x0000000100000000)
  eden space 31744K, 0% used [0x00000000d7380000,0x00000000d7380000,0x00000000d9280000)
  from space 5120K, 0% used [0x00000000d9280000,0x00000000d9280000,0x00000000d9780000)
  to   space 5120K, 0% used [0x00000000d9780000,0x00000000d9780000,0x00000000d9c80000)
 ParOldGen       total 43520K, used 6332K [0x0000000085a00000, 0x0000000088480000, 0x00000000d7380000)
  object space 43520K, 14% used [0x0000000085a00000,0x000000008602f308,0x0000000088480000)
 Metaspace       used 19909K, capacity 21176K, committed 21248K, reserved 1067008K
  class space    used 2800K, capacity 3033K, committed 3072K, reserved 1048576K
}
Event: 8333.815 GC heap before
{Heap before GC invocations=5 (full 1):
 PSYoungGen      total 36864K, used 31744K [0x00000000d7380000, 0x00000000d9c80000, 0x0000000100000000)
  eden space 31744K, 100% used [0x00000000d7380000,0x00000000d9280000,0x00000000d9280000)
  from space 5120K, 0% used [0x00000000d9280000,0x00000000d9280000,0x00000000d9780000)
  to   space 5120K, 0% used [0x00000000d9780000,0x00000000d9780000,0x00000000d9c80000)
 ParOldGen       total 43520K, used 6332K [0x0000000085a00000, 0x0000000088480000, 0x00000000d7380000)
  object space 43520K, 14% used [0x0000000085a00000,0x000000008602f308,0x0000000088480000)
 Metaspace       used 27150K, capacity 28674K, committed 28928K, reserved 1075200K
  class space    used 3701K, capacity 3996K, committed 4096K, reserved 1048576K
Event: 8333.826 GC heap after
Heap after GC invocations=5 (full 1):
 PSYoungGen      total 36864K, used 1620K [0x00000000d7380000, 0x00000000d9c80000, 0x0000000100000000)
  eden space 31744K, 0% used [0x00000000d7380000,0x00000000d7380000,0x00000000d9280000)
  from space 5120K, 31% used [0x00000000d9780000,0x00000000d9915050,0x00000000d9c80000)
  to   space 5120K, 0% used [0x00000000d9280000,0x00000000d9280000,0x00000000d9780000)
 ParOldGen       total 43520K, used 6340K [0x0000000085a00000, 0x0000000088480000, 0x00000000d7380000)
  object space 43520K, 14% used [0x0000000085a00000,0x0000000086031308,0x0000000088480000)
 Metaspace       used 27150K, capacity 28674K, committed 28928K, reserved 1075200K
  class space    used 3701K, capacity 3996K, committed 4096K, reserved 1048576K
}

